This file contains any messages produced by compilers while
running configure, to aid debugging if configure makes a mistake.

It was created by HTS-demo_CMU-ARCTIC-SLT configure 2.3 beta, which was
generated by GNU Autoconf 2.69.  Invocation command line was

  $ ./configure --with-fest-search-path=/home/rachana/installation/festival/examples --with-sptk-search-path=/home/rachana/Desktop/06-05-2016/binil/SPTK-3.9.tar.gz/bin --with-hts-search-path=/usr/local/HTS-2.3/bin --with-hts-engine-search-path=/home/rachana/TBTFramework/uploaded_on_github_wrong_11-04-17/TBT-v1.1/htsvoice_synthesis/hts_engine_API-1.10/bin

## --------- ##
## Platform. ##
## --------- ##

hostname = vishal-WSG70105W7-0210
uname -m = i686
uname -r = 4.4.0-36-generic
uname -s = Linux
uname -v = #55-Ubuntu SMP Thu Aug 11 18:01:55 UTC 2016

/usr/bin/uname -p = unknown
/bin/uname -X     = unknown

/bin/arch              = unknown
/usr/bin/arch -k       = unknown
/usr/convex/getsysinfo = unknown
/usr/bin/hostinfo      = unknown
/bin/machine           = unknown
/usr/bin/oslevel       = unknown
/bin/universe          = unknown

PATH: /usr/local/sbin
PATH: /usr/local/bin
PATH: /usr/sbin
PATH: /usr/bin
PATH: /sbin
PATH: /bin
PATH: /usr/games
PATH: /usr/local/games
PATH: /snap/bin
PATH: /usr/lib/jvm/java-7-oracle/bin
PATH: /usr/lib/jvm/java-7-oracle/db/bin
PATH: /usr/lib/jvm/java-7-oracle/jre/bin


## ----------- ##
## Core tests. ##
## ----------- ##

configure:1963: checking for gawk
configure:1979: found /usr/bin/gawk
configure:1990: result: gawk
configure:2005: checking for perl
configure:2024: found /usr/bin/perl
configure:2037: result: /usr/bin/perl
configure:2052: checking for wc
configure:2071: found /usr/bin/wc
configure:2084: result: /usr/bin/wc
configure:2110: checking for text2utt
configure:2129: found /home/rachana/installation/festival/examples/text2utt
configure:2142: result: /home/rachana/installation/festival/examples/text2utt
configure:2157: checking for dumpfeats
configure:2176: found /home/rachana/installation/festival/examples/dumpfeats
configure:2189: result: /home/rachana/installation/festival/examples/dumpfeats
configure:2215: checking for x2x
configure:2234: found /usr/local/bin/x2x
configure:2247: result: /usr/local/bin/x2x
configure:2262: checking for frame
configure:2281: found /usr/local/bin/frame
configure:2294: result: /usr/local/bin/frame
configure:2309: checking for window
configure:2328: found /usr/local/bin/window
configure:2341: result: /usr/local/bin/window
configure:2357: checking for mcep
configure:2376: found /usr/local/bin/mcep
configure:2389: result: /usr/local/bin/mcep
configure:2497: checking for lpc2lsp
configure:2516: found /usr/local/bin/lpc2lsp
configure:2529: result: /usr/local/bin/lpc2lsp
configure:2544: checking for nan
configure:2563: found /usr/local/bin/nan
configure:2576: result: /usr/local/bin/nan
configure:2591: checking for bcut
configure:2610: found /usr/local/bin/bcut
configure:2623: result: /usr/local/bin/bcut
configure:2638: checking for vstat
configure:2657: found /usr/local/bin/vstat
configure:2670: result: /usr/local/bin/vstat
configure:2685: checking for sopr
configure:2704: found /usr/local/bin/sopr
configure:2717: result: /usr/local/bin/sopr
configure:2732: checking for vopr
configure:2751: found /usr/local/bin/vopr
configure:2764: result: /usr/local/bin/vopr
configure:2779: checking for vsum
configure:2798: found /usr/local/bin/vsum
configure:2811: result: /usr/local/bin/vsum
configure:2826: checking for freqt
configure:2845: found /usr/local/bin/freqt
configure:2858: result: /usr/local/bin/freqt
configure:2873: checking for c2acr
configure:2892: found /usr/local/bin/c2acr
configure:2905: result: /usr/local/bin/c2acr
configure:2920: checking for mc2b
configure:2939: found /usr/local/bin/mc2b
configure:2952: result: /usr/local/bin/mc2b
configure:2967: checking for b2mc
configure:2986: found /usr/local/bin/b2mc
configure:2999: result: /usr/local/bin/b2mc
configure:3014: checking for merge
configure:3033: found /usr/local/bin/merge
configure:3046: result: /usr/local/bin/merge
configure:3061: checking for bcp
configure:3080: found /usr/local/bin/bcp
configure:3093: result: /usr/local/bin/bcp
configure:3108: checking for excite
configure:3127: found /usr/local/bin/excite
configure:3140: result: /usr/local/bin/excite
configure:3155: checking for lsp2lpc
configure:3174: found /usr/local/bin/lsp2lpc
configure:3187: result: /usr/local/bin/lsp2lpc
configure:3202: checking for lspcheck
configure:3221: found /usr/local/bin/lspcheck
configure:3234: result: /usr/local/bin/lspcheck
configure:3249: checking for mgc2mgc
configure:3268: found /usr/local/bin/mgc2mgc
configure:3281: result: /usr/local/bin/mgc2mgc
configure:3296: checking for mglsadf
configure:3315: found /usr/local/bin/mglsadf
configure:3328: result: /usr/local/bin/mglsadf
configure:3343: checking for dfs
configure:3362: found /usr/local/bin/dfs
configure:3375: result: /usr/local/bin/dfs
configure:3390: checking for mgc2sp
configure:3409: found /usr/local/bin/mgc2sp
configure:3422: result: /usr/local/bin/mgc2sp
configure:3437: checking for minmax
configure:3456: found /usr/local/bin/minmax
configure:3469: result: /usr/local/bin/minmax
configure:3484: checking for swab
configure:3503: found /usr/local/bin/swab
configure:3516: result: /usr/local/bin/swab
configure:3531: checking for raw2wav
configure:3550: found /usr/local/bin/raw2wav
configure:3563: result: /usr/local/bin/raw2wav
configure:3578: checking for pitch
configure:3597: found /usr/local/bin/pitch
configure:3610: result: /usr/local/bin/pitch
configure:3625: checking for spec
configure:3644: found /usr/local/bin/spec
configure:3657: result: /usr/local/bin/spec
configure:3672: checking for transpose
configure:3691: found /usr/local/bin/transpose
configure:3704: result: /usr/local/bin/transpose
configure:3719: checking for phase
configure:3738: found /usr/local/bin/phase
configure:3751: result: /usr/local/bin/phase
configure:3766: checking for ifftr
configure:3785: found /usr/local/bin/ifftr
configure:3798: result: /usr/local/bin/ifftr
configure:3822: checking for matlab
configure:3841: found /usr/local/bin/matlab
configure:3854: result: /usr/local/bin/matlab
configure:3926: checking for HMGenS
configure:3945: found /usr/local/HTS-2.3/bin/HMGenS
configure:3958: result: /usr/local/HTS-2.3/bin/HMGenS
configure:3973: checking for HCompV
configure:3992: found /usr/local/HTS-2.3/bin/HCompV
configure:4005: result: /usr/local/HTS-2.3/bin/HCompV
configure:4020: checking for HList
configure:4039: found /usr/local/HTS-2.3/bin/HList
configure:4052: result: /usr/local/HTS-2.3/bin/HList
configure:4067: checking for HInit
configure:4086: found /usr/local/HTS-2.3/bin/HInit
configure:4099: result: /usr/local/HTS-2.3/bin/HInit
configure:4114: checking for HRest
configure:4133: found /usr/local/HTS-2.3/bin/HRest
configure:4146: result: /usr/local/HTS-2.3/bin/HRest
configure:4161: checking for HERest
configure:4180: found /usr/local/HTS-2.3/bin/HERest
configure:4193: result: /usr/local/HTS-2.3/bin/HERest
configure:4208: checking for HHEd
configure:4227: found /usr/local/HTS-2.3/bin/HHEd
configure:4240: result: /usr/local/HTS-2.3/bin/HHEd
configure:4255: checking for HSMMAlign
configure:4274: found /usr/local/HTS-2.3/bin/HSMMAlign
configure:4287: result: /usr/local/HTS-2.3/bin/HSMMAlign
configure:4313: checking for hts_engine
configure:4332: found /usr/local/bin/hts_engine
configure:4345: result: /usr/local/bin/hts_engine
configure:4956: creating ./config.status

## ---------------------- ##
## Running config.status. ##
## ---------------------- ##

This file was extended by HTS-demo_CMU-ARCTIC-SLT config.status 2.3 beta, which was
generated by GNU Autoconf 2.69.  Invocation command line was

  CONFIG_FILES    = 
  CONFIG_HEADERS  = 
  CONFIG_LINKS    = 
  CONFIG_COMMANDS = 
  $ ./config.status 

on vishal-WSG70105W7-0210

config.status:829: creating data/Makefile
config.status:829: creating scripts/Config.pm
config.status:829: creating Makefile

## ---------------- ##
## Cache variables. ##
## ---------------- ##

ac_cv_env_BAPBANDWIDTH_set=
ac_cv_env_BAPBANDWIDTH_value=
ac_cv_env_BAPORDER_set=
ac_cv_env_BAPORDER_value=
ac_cv_env_CDGV_set=
ac_cv_env_CDGV_value=
ac_cv_env_DAEMALPHA_set=
ac_cv_env_DAEMALPHA_value=
ac_cv_env_DAEMNITER_set=
ac_cv_env_DAEMNITER_value=
ac_cv_env_DAEM_set=
ac_cv_env_DAEM_value=
ac_cv_env_DATASET_set=
ac_cv_env_DATASET_value=
ac_cv_env_EMEPSILON_set=
ac_cv_env_EMEPSILON_value=
ac_cv_env_FFTLEN_set=
ac_cv_env_FFTLEN_value=
ac_cv_env_FRAMELEN_set=
ac_cv_env_FRAMELEN_value=
ac_cv_env_FRAMESHIFT_set=
ac_cv_env_FRAMESHIFT_value=
ac_cv_env_FREQWARP_set=
ac_cv_env_FREQWARP_value=
ac_cv_env_FULLCONTEXT_FORMAT_set=
ac_cv_env_FULLCONTEXT_FORMAT_value=
ac_cv_env_FULLCONTEXT_VERSION_set=
ac_cv_env_FULLCONTEXT_VERSION_value=
ac_cv_env_GAMMA_set=
ac_cv_env_GAMMA_value=
ac_cv_env_GVEPSILON_set=
ac_cv_env_GVEPSILON_value=
ac_cv_env_GVWEIGHT_set=
ac_cv_env_GVWEIGHT_value=
ac_cv_env_HMMWEIGHT_set=
ac_cv_env_HMMWEIGHT_value=
ac_cv_env_IMPLEN_set=
ac_cv_env_IMPLEN_value=
ac_cv_env_LF0BANDWIDTH_set=
ac_cv_env_LF0BANDWIDTH_value=
ac_cv_env_LNGAIN_set=
ac_cv_env_LNGAIN_value=
ac_cv_env_LOWERF0_set=
ac_cv_env_LOWERF0_value=
ac_cv_env_MAXDEV_set=
ac_cv_env_MAXDEV_value=
ac_cv_env_MAXEMITER_set=
ac_cv_env_MAXEMITER_value=
ac_cv_env_MAXGVITER_set=
ac_cv_env_MAXGVITER_value=
ac_cv_env_MGCBANDWIDTH_set=
ac_cv_env_MGCBANDWIDTH_value=
ac_cv_env_MGCORDER_set=
ac_cv_env_MGCORDER_value=
ac_cv_env_MINDUR_set=
ac_cv_env_MINDUR_value=
ac_cv_env_MINEUCNORM_set=
ac_cv_env_MINEUCNORM_value=
ac_cv_env_NBAPTRANSBLK_set=
ac_cv_env_NBAPTRANSBLK_value=
ac_cv_env_NBAPWIN_set=
ac_cv_env_NBAPWIN_value=
ac_cv_env_NITER_set=
ac_cv_env_NITER_value=
ac_cv_env_NLF0TRANSBLK_set=
ac_cv_env_NLF0TRANSBLK_value=
ac_cv_env_NLF0WIN_set=
ac_cv_env_NLF0WIN_value=
ac_cv_env_NMGCTRANSBLK_set=
ac_cv_env_NMGCTRANSBLK_value=
ac_cv_env_NMGCWIN_set=
ac_cv_env_NMGCWIN_value=
ac_cv_env_NORMALIZE_set=
ac_cv_env_NORMALIZE_value=
ac_cv_env_NOSILGV_set=
ac_cv_env_NOSILGV_value=
ac_cv_env_NSTATE_set=
ac_cv_env_NSTATE_value=
ac_cv_env_OPTKIND_set=
ac_cv_env_OPTKIND_value=
ac_cv_env_PGTYPE_set=
ac_cv_env_PGTYPE_value=
ac_cv_env_PSTFILTER_LSP_set=
ac_cv_env_PSTFILTER_LSP_value=
ac_cv_env_PSTFILTER_MCP_set=
ac_cv_env_PSTFILTER_MCP_value=
ac_cv_env_QNUM_set=
ac_cv_env_QNUM_value=
ac_cv_env_SAMPFREQ_set=
ac_cv_env_SAMPFREQ_value=
ac_cv_env_SPEAKER_set=
ac_cv_env_SPEAKER_value=
ac_cv_env_STEPDEC_set=
ac_cv_env_STEPDEC_value=
ac_cv_env_STEPINC_set=
ac_cv_env_STEPINC_value=
ac_cv_env_STEPINIT_set=
ac_cv_env_STEPINIT_value=
ac_cv_env_UPPERF0_set=
ac_cv_env_UPPERF0_value=
ac_cv_env_USEGV_set=
ac_cv_env_USEGV_value=
ac_cv_env_USEMSPF_set=
ac_cv_env_USEMSPF_value=
ac_cv_env_USESTRAIGHT_set=
ac_cv_env_USESTRAIGHT_value=
ac_cv_env_USEUTT_set=
ac_cv_env_USEUTT_value=
ac_cv_env_VER_set=
ac_cv_env_VER_value=
ac_cv_env_WFLOOR_set=
ac_cv_env_WFLOOR_value=
ac_cv_env_WINDOWTYPE_set=
ac_cv_env_WINDOWTYPE_value=
ac_cv_env_build_alias_set=
ac_cv_env_build_alias_value=
ac_cv_env_host_alias_set=
ac_cv_env_host_alias_value=
ac_cv_env_target_alias_set=
ac_cv_env_target_alias_value=
ac_cv_path_B2MC=/usr/local/bin/b2mc
ac_cv_path_BCP=/usr/local/bin/bcp
ac_cv_path_BCUT=/usr/local/bin/bcut
ac_cv_path_C2ACR=/usr/local/bin/c2acr
ac_cv_path_DFS=/usr/local/bin/dfs
ac_cv_path_DUMPFEATS=/home/rachana/installation/festival/examples/dumpfeats
ac_cv_path_ENGINE=/usr/local/bin/hts_engine
ac_cv_path_EXCITE=/usr/local/bin/excite
ac_cv_path_FRAME=/usr/local/bin/frame
ac_cv_path_FREQT=/usr/local/bin/freqt
ac_cv_path_HCOMPV=/usr/local/HTS-2.3/bin/HCompV
ac_cv_path_HEREST=/usr/local/HTS-2.3/bin/HERest
ac_cv_path_HHED=/usr/local/HTS-2.3/bin/HHEd
ac_cv_path_HINIT=/usr/local/HTS-2.3/bin/HInit
ac_cv_path_HLIST=/usr/local/HTS-2.3/bin/HList
ac_cv_path_HMGENS=/usr/local/HTS-2.3/bin/HMGenS
ac_cv_path_HREST=/usr/local/HTS-2.3/bin/HRest
ac_cv_path_HSMMALIGN=/usr/local/HTS-2.3/bin/HSMMAlign
ac_cv_path_IFFTR=/usr/local/bin/ifftr
ac_cv_path_LPC2LSP=/usr/local/bin/lpc2lsp
ac_cv_path_LSP2LPC=/usr/local/bin/lsp2lpc
ac_cv_path_LSPCHECK=/usr/local/bin/lspcheck
ac_cv_path_MATLAB=/usr/local/bin/matlab
ac_cv_path_MC2B=/usr/local/bin/mc2b
ac_cv_path_MERGE=/usr/local/bin/merge
ac_cv_path_MGC2MGC=/usr/local/bin/mgc2mgc
ac_cv_path_MGC2SP=/usr/local/bin/mgc2sp
ac_cv_path_MGCEP=/usr/local/bin/mcep
ac_cv_path_MGLSADF=/usr/local/bin/mglsadf
ac_cv_path_MINMAX=/usr/local/bin/minmax
ac_cv_path_NAN=/usr/local/bin/nan
ac_cv_path_PERL=/usr/bin/perl
ac_cv_path_PHASE=/usr/local/bin/phase
ac_cv_path_PITCH=/usr/local/bin/pitch
ac_cv_path_RAW2WAV=/usr/local/bin/raw2wav
ac_cv_path_SOPR=/usr/local/bin/sopr
ac_cv_path_SPEC=/usr/local/bin/spec
ac_cv_path_SWAB=/usr/local/bin/swab
ac_cv_path_TEXT2UTT=/home/rachana/installation/festival/examples/text2utt
ac_cv_path_TRANSPOSE=/usr/local/bin/transpose
ac_cv_path_VOPR=/usr/local/bin/vopr
ac_cv_path_VSTAT=/usr/local/bin/vstat
ac_cv_path_VSUM=/usr/local/bin/vsum
ac_cv_path_WC=/usr/bin/wc
ac_cv_path_WINDOW=/usr/local/bin/window
ac_cv_path_X2X=/usr/local/bin/x2x
ac_cv_prog_AWK=gawk

## ----------------- ##
## Output variables. ##
## ----------------- ##

AWK='gawk'
B2MC='/usr/local/bin/b2mc'
BAPBANDWIDTH='25'
BAPORDER='24'
BAPSTREN='5'
BAPSTRST='5'
BAPVSIZE='25'
BCP='/usr/local/bin/bcp'
BCUT='/usr/local/bin/bcut'
C2ACR='/usr/local/bin/c2acr'
CDGV='1'
DAEM='0'
DAEMALPHA='1.0'
DAEMNITER='10'
DATASET='cmu_us_arctic'
DEFS='-DPACKAGE_NAME=\"HTS-demo_CMU-ARCTIC-SLT\" -DPACKAGE_TARNAME=\"hts-demo_cmu-arctic-slt\" -DPACKAGE_VERSION=\"2.3\ beta\" -DPACKAGE_STRING=\"HTS-demo_CMU-ARCTIC-SLT\ 2.3\ beta\" -DPACKAGE_BUGREPORT=\"hts-users@sp.nitech.ac.jp\" -DPACKAGE_URL=\"\"'
DFS='/usr/local/bin/dfs'
DUMPFEATS='/home/rachana/installation/festival/examples/dumpfeats'
ECHO_C=''
ECHO_N='-n'
ECHO_T=''
EMEPSILON='0.0001'
ENGINE='/usr/local/bin/hts_engine'
EXCITE='/usr/local/bin/excite'
FFTLEN='2048'
FRAME='/usr/local/bin/frame'
FRAMELEN='1200'
FRAMESHIFT='240'
FREQT='/usr/local/bin/freqt'
FREQWARP='0.55'
FULLCONTEXT_FORMAT='HTS_TTS_ENG'
FULLCONTEXT_VERSION='1.0'
GAMMA='0'
GVEPSILON='0.0001'
GVWEIGHT='1.0'
HCOMPV='/usr/local/HTS-2.3/bin/HCompV'
HEREST='/usr/local/HTS-2.3/bin/HERest'
HHED='/usr/local/HTS-2.3/bin/HHEd'
HINIT='/usr/local/HTS-2.3/bin/HInit'
HLIST='/usr/local/HTS-2.3/bin/HList'
HMGENS='/usr/local/HTS-2.3/bin/HMGenS'
HMMWEIGHT='1.0'
HREST='/usr/local/HTS-2.3/bin/HRest'
HSMMALIGN='/usr/local/HTS-2.3/bin/HSMMAlign'
IFFTR='/usr/local/bin/ifftr'
IMPLEN='4096'
LF0BANDWIDTH='1'
LF0STREN='4'
LF0STRST='2'
LIBOBJS=''
LIBS=''
LNGAIN='1'
LOWERF0='110'
LPC2LSP='/usr/local/bin/lpc2lsp'
LSP2LPC='/usr/local/bin/lsp2lpc'
LSPCHECK='/usr/local/bin/lspcheck'
LTLIBOBJS=''
MATLAB='/usr/local/bin/matlab -nodisplay -nosplash -nojvm'
MAXDEV='10'
MAXEMITER='20'
MAXGVITER='50'
MC2B='/usr/local/bin/mc2b'
MERGE='/usr/local/bin/merge'
MGC2MGC='/usr/local/bin/mgc2mgc'
MGC2SP='/usr/local/bin/mgc2sp'
MGCBANDWIDTH='35'
MGCEP='/usr/local/bin/mcep'
MGCORDER='34'
MGCSTREN='1'
MGCSTRST='1'
MGCVSIZE='35'
MGLSADF='/usr/local/bin/mglsadf'
MINDUR='5'
MINEUCNORM='0.01'
MINMAX='/usr/local/bin/minmax'
NAN='/usr/local/bin/nan'
NBAPTRANSBLK='3'
NBAPWIN='3'
NITER='5'
NLF0TRANSBLK='1'
NLF0WIN='3'
NMGCTRANSBLK='3'
NMGCWIN='3'
NORMALIZE='1'
NOSILGV='1'
NSTATE='5'
OPTKIND='NEWTON'
PACKAGE_BUGREPORT='hts-users@sp.nitech.ac.jp'
PACKAGE_NAME='HTS-demo_CMU-ARCTIC-SLT'
PACKAGE_STRING='HTS-demo_CMU-ARCTIC-SLT 2.3 beta'
PACKAGE_TARNAME='hts-demo_cmu-arctic-slt'
PACKAGE_URL=''
PACKAGE_VERSION='2.3 beta'
PATH_SEPARATOR=':'
PERL='/usr/bin/perl'
PGTYPE='0'
PHASE='/usr/local/bin/phase'
PITCH='/usr/local/bin/pitch'
PSTFILTER_LSP='0.7'
PSTFILTER_MCP='1.4'
PWD='/home/rachana/TBT-Toolkit-master/TBT-v1.1/HTS-demo_CMU-ARCTIC-SLT'
QNUM='001'
RAW2WAV='/usr/local/bin/raw2wav'
SAMPFREQ='48000'
SHELL='/bin/bash'
SOPR='/usr/local/bin/sopr'
SPEAKER='slt'
SPEC='/usr/local/bin/spec'
STEPDEC='0.5'
STEPINC='1.2'
STEPINIT='1.0'
STRAIGHT=''
SWAB='/usr/local/bin/swab'
TEXT2UTT='/home/rachana/installation/festival/examples/text2utt'
TRANSPOSE='/usr/local/bin/transpose'
UPPERF0='280'
USEGV='1'
USEMSPF='1'
USESTRAIGHT='0'
USEUTT='1'
VER='1'
VOPR='/usr/local/bin/vopr'
VSTAT='/usr/local/bin/vstat'
VSUM='/usr/local/bin/vsum'
WC='/usr/bin/wc'
WFLOOR='5000'
WINDOW='/usr/local/bin/window'
WINDOWTYPE='1'
X2X='/usr/local/bin/x2x'
bindir='${exec_prefix}/bin'
build_alias=''
datadir='${datarootdir}'
datarootdir='${prefix}/share'
docdir='${datarootdir}/doc/${PACKAGE_TARNAME}'
dvidir='${docdir}'
exec_prefix='${prefix}'
host_alias=''
htmldir='${docdir}'
includedir='${prefix}/include'
infodir='${datarootdir}/info'
libdir='${exec_prefix}/lib'
libexecdir='${exec_prefix}/libexec'
localedir='${datarootdir}/locale'
localstatedir='${prefix}/var'
mandir='${datarootdir}/man'
oldincludedir='/usr/include'
pdfdir='${docdir}'
prefix='/usr/local'
program_transform_name='s,x,x,'
psdir='${docdir}'
sbindir='${exec_prefix}/sbin'
sharedstatedir='${prefix}/com'
sysconfdir='${prefix}/etc'
target_alias=''

## ----------- ##
## confdefs.h. ##
## ----------- ##

/* confdefs.h */
#define PACKAGE_NAME "HTS-demo_CMU-ARCTIC-SLT"
#define PACKAGE_TARNAME "hts-demo_cmu-arctic-slt"
#define PACKAGE_VERSION "2.3 beta"
#define PACKAGE_STRING "HTS-demo_CMU-ARCTIC-SLT 2.3 beta"
#define PACKAGE_BUGREPORT "hts-users@sp.nitech.ac.jp"
#define PACKAGE_URL ""

configure: exit 0
